<?xml version="1.0" encoding="UTF-8"?>
<testng-results ignored="0" total="2" passed="2" failed="0" skipped="0">
  <reporter-output>
  </reporter-output>
  <suite started-at="2018-04-07T08:25:49Z" name="Suite" finished-at="2018-04-07T08:26:23Z" duration-ms="33753">
    <groups>
    </groups>
    <test started-at="2018-04-07T08:25:49Z" name="Test" finished-at="2018-04-07T08:26:23Z" duration-ms="33753">
      <class name="testcasepackage.LaunchApplication">
        <test-method signature="launchApplicationAndClose()[pri:0, instance:testcasepackage.LaunchApplication@3943a2be]" started-at="2018-04-07T13:56:10Z" name="launchApplicationAndClose" finished-at="2018-04-07T13:56:23Z" duration-ms="12920" status="PASS">
          <reporter-output>
          </reporter-output>
        </test-method> <!-- launchApplicationAndClose -->
      </class> <!-- testcasepackage.LaunchApplication -->
      <class name="testcasepackage.RegisterAUser">
        <test-method signature="registerUser()[pri:0, instance:testcasepackage.RegisterAUser@36b4fe2a]" started-at="2018-04-07T13:55:49Z" name="registerUser" finished-at="2018-04-07T13:56:10Z" duration-ms="20766" status="PASS">
          <reporter-output>
          </reporter-output>
        </test-method> <!-- registerUser -->
      </class> <!-- testcasepackage.RegisterAUser -->
    </test> <!-- Test -->
  </suite> <!-- Suite -->
</testng-results>
